Started GET "/" for ::1 at 2019-07-19 22:25:51 -0700
Processing by Rails::WelcomeController#index as HTML
  Rendering /Users/kaytran/.rvm/gems/ruby-2.6.3/gems/railties-5.2.3/lib/rails/templates/rails/welcome/index.html.erb
  Rendered /Users/kaytran/.rvm/gems/ruby-2.6.3/gems/railties-5.2.3/lib/rails/templates/rails/welcome/index.html.erb (2.8ms)
Completed 200 OK in 12ms (Views: 7.1ms | ActiveRecord: 0.0ms)


Started GET "/" for ::1 at 2019-07-20 12:02:24 -0700
Processing by Rails::WelcomeController#index as HTML
  Rendering /Users/kaytran/.rvm/gems/ruby-2.6.3/gems/railties-5.2.3/lib/rails/templates/rails/welcome/index.html.erb
  Rendered /Users/kaytran/.rvm/gems/ruby-2.6.3/gems/railties-5.2.3/lib/rails/templates/rails/welcome/index.html.erb (1.8ms)
Completed 200 OK in 8ms (Views: 3.3ms | ActiveRecord: 0.0ms)


  [1m[35m (0.1ms)[0m  [1m[34mSELECT sqlite_version(*)[0m
  ↳ bin/rails:9
  [1m[35m (1.5ms)[0m  [1m[35mCREATE TABLE "schema_migrations" ("version" varchar NOT NULL PRIMARY KEY)[0m
  ↳ bin/rails:9
  [1m[35m (1.0ms)[0m  [1m[35mCREATE TABLE "ar_internal_metadata" ("key" varchar NOT NULL PRIMARY KEY, "value" varchar, "created_at" datetime NOT NULL, "updated_at" datetime NOT NULL)[0m
  ↳ bin/rails:9
  [1m[35m (0.1ms)[0m  [1m[34mSELECT "schema_migrations"."version" FROM "schema_migrations" ORDER BY "schema_migrations"."version" ASC[0m
  ↳ bin/rails:9
Migrating to CreateBlogs (20190722232712)
  [1m[35m (0.0ms)[0m  [1m[36mbegin transaction[0m
  ↳ bin/rails:9
  [1m[35m (0.3ms)[0m  [1m[35mCREATE TABLE "blogs" ("id" integer PRIMARY KEY AUTOINCREMENT NOT NULL, "title" varchar, "body" text, "created_at" datetime NOT NULL, "updated_at" datetime NOT NULL)[0m
  ↳ db/migrate/20190722232712_create_blogs.rb:3
  [1m[36mActiveRecord::SchemaMigration Create (0.1ms)[0m  [1m[32mINSERT INTO "schema_migrations" ("version") VALUES (?)[0m  [["version", "20190722232712"]]
  ↳ bin/rails:9
  [1m[35m (0.5ms)[0m  [1m[36mcommit transaction[0m
  ↳ bin/rails:9
  [1m[36mActiveRecord::InternalMetadata Load (0.1ms)[0m  [1m[34mSELECT  "ar_internal_metadata".* FROM "ar_internal_metadata" WHERE "ar_internal_metadata"."key" = ? LIMIT ?[0m  [["key", "environment"], ["LIMIT", 1]]
  ↳ bin/rails:9
  [1m[35m (0.0ms)[0m  [1m[36mbegin transaction[0m
  ↳ bin/rails:9
  [1m[36mActiveRecord::InternalMetadata Create (0.2ms)[0m  [1m[32mINSERT INTO "ar_internal_metadata" ("key", "value", "created_at", "updated_at") VALUES (?, ?, ?, ?)[0m  [["key", "environment"], ["value", "development"], ["created_at", "2019-07-22 23:36:11.075434"], ["updated_at", "2019-07-22 23:36:11.075434"]]
  ↳ bin/rails:9
  [1m[35m (0.6ms)[0m  [1m[36mcommit transaction[0m
  ↳ bin/rails:9
  [1m[35m (0.1ms)[0m  [1m[34mSELECT "schema_migrations"."version" FROM "schema_migrations" ORDER BY "schema_migrations"."version" ASC[0m
  ↳ bin/rails:9
Started GET "/bkigs" for ::1 at 2019-07-22 16:39:21 -0700
  [1m[35m (0.1ms)[0m  [1m[34mSELECT "schema_migrations"."version" FROM "schema_migrations" ORDER BY "schema_migrations"."version" ASC[0m
  ↳ /Users/oni/.rvm/gems/ruby-2.6.3/gems/activerecord-5.2.3/lib/active_record/log_subscriber.rb:98
  
ActionController::RoutingError (No route matches [GET] "/bkigs"):
  
actionpack (5.2.3) lib/action_dispatch/middleware/debug_exceptions.rb:65:in `call'
web-console (3.7.0) lib/web_console/middleware.rb:135:in `call_app'
web-console (3.7.0) lib/web_console/middleware.rb:30:in `block in call'
web-console (3.7.0) lib/web_console/middleware.rb:20:in `catch'
web-console (3.7.0) lib/web_console/middleware.rb:20:in `call'
actionpack (5.2.3) lib/action_dispatch/middleware/show_exceptions.rb:33:in `call'
railties (5.2.3) lib/rails/rack/logger.rb:38:in `call_app'
railties (5.2.3) lib/rails/rack/logger.rb:26:in `block in call'
activesupport (5.2.3) lib/active_support/tagged_logging.rb:71:in `block in tagged'
activesupport (5.2.3) lib/active_support/tagged_logging.rb:28:in `tagged'
activesupport (5.2.3) lib/active_support/tagged_logging.rb:71:in `tagged'
railties (5.2.3) lib/rails/rack/logger.rb:26:in `call'
sprockets-rails (3.2.1) lib/sprockets/rails/quiet_assets.rb:13:in `call'
actionpack (5.2.3) lib/action_dispatch/middleware/remote_ip.rb:81:in `call'
actionpack (5.2.3) lib/action_dispatch/middleware/request_id.rb:27:in `call'
rack (2.0.7) lib/rack/method_override.rb:22:in `call'
rack (2.0.7) lib/rack/runtime.rb:22:in `call'
activesupport (5.2.3) lib/active_support/cache/strategy/local_cache_middleware.rb:29:in `call'
actionpack (5.2.3) lib/action_dispatch/middleware/executor.rb:14:in `call'
actionpack (5.2.3) lib/action_dispatch/middleware/static.rb:127:in `call'
rack (2.0.7) lib/rack/sendfile.rb:111:in `call'
railties (5.2.3) lib/rails/engine.rb:524:in `call'
puma (3.12.1) lib/puma/configuration.rb:227:in `call'
puma (3.12.1) lib/puma/server.rb:660:in `handle_request'
puma (3.12.1) lib/puma/server.rb:474:in `process_client'
puma (3.12.1) lib/puma/server.rb:334:in `block in run'
puma (3.12.1) lib/puma/thread_pool.rb:135:in `block in spawn_thread'
Started GET "/blogs" for ::1 at 2019-07-22 16:39:27 -0700
Processing by BlogsController#index as HTML
  Rendering blogs/index.html.erb within layouts/application
  [1m[36mBlog Load (0.1ms)[0m  [1m[34mSELECT "blogs".* FROM "blogs"[0m
  ↳ app/views/blogs/index.html.erb:15
  Rendered blogs/index.html.erb within layouts/application (1.6ms)
Completed 200 OK in 712ms (Views: 709.1ms | ActiveRecord: 0.3ms)


Started GET "/blogs/new" for ::1 at 2019-07-22 16:39:47 -0700
Processing by BlogsController#new as HTML
  Rendering blogs/new.html.erb within layouts/application
  Rendered blogs/_form.html.erb (19.2ms)
  Rendered blogs/new.html.erb within layouts/application (20.5ms)
Completed 200 OK in 41ms (Views: 34.5ms | ActiveRecord: 0.5ms)


Started POST "/blogs" for ::1 at 2019-07-22 16:40:15 -0700
Processing by BlogsController#create as HTML
  Parameters: {"utf8"=>"✓", "authenticity_token"=>"g1HD9ayjlBiDoVma1lxWGBJ9oj3yAOTcIDoL4m0vsNeDYA+1cCeewnERnOHpzuMwJBU61Tc464xOORueUCg4kQ==", "blog"=>{"title"=>"do you like to eat pussy?", "body"=>"it's 2019 - get with it, and start to include eating ass. "}, "commit"=>"Create Blog"}
  [1m[35m (0.1ms)[0m  [1m[36mbegin transaction[0m
  ↳ app/controllers/blogs_controller.rb:30
  [1m[36mBlog Create (0.3ms)[0m  [1m[32mINSERT INTO "blogs" ("title", "body", "created_at", "updated_at") VALUES (?, ?, ?, ?)[0m  [["title", "do you like to eat pussy?"], ["body", "it's 2019 - get with it, and start to include eating ass. "], ["created_at", "2019-07-22 23:40:15.181517"], ["updated_at", "2019-07-22 23:40:15.181517"]]
  ↳ app/controllers/blogs_controller.rb:30
  [1m[35m (0.7ms)[0m  [1m[36mcommit transaction[0m
  ↳ app/controllers/blogs_controller.rb:30
Redirected to http://localhost:3000/blogs/1
Completed 302 Found in 4ms (ActiveRecord: 1.1ms)


Started GET "/blogs/1" for ::1 at 2019-07-22 16:40:15 -0700
Processing by BlogsController#show as HTML
  Parameters: {"id"=>"1"}
  [1m[36mBlog Load (0.1ms)[0m  [1m[34mSELECT  "blogs".* FROM "blogs" WHERE "blogs"."id" = ? LIMIT ?[0m  [["id", 1], ["LIMIT", 1]]
  ↳ app/controllers/blogs_controller.rb:67
  Rendering blogs/show.html.erb within layouts/application
  Rendered blogs/show.html.erb within layouts/application (0.5ms)
Completed 200 OK in 14ms (Views: 11.1ms | ActiveRecord: 0.1ms)


Started GET "/blogs" for ::1 at 2019-07-22 16:40:17 -0700
Processing by BlogsController#index as HTML
  Rendering blogs/index.html.erb within layouts/application
  [1m[36mBlog Load (0.2ms)[0m  [1m[34mSELECT "blogs".* FROM "blogs"[0m
  ↳ app/views/blogs/index.html.erb:15
  Rendered blogs/index.html.erb within layouts/application (1.6ms)
Completed 200 OK in 15ms (Views: 13.6ms | ActiveRecord: 0.2ms)


Started GET "/blogs/1/edit" for ::1 at 2019-07-22 16:40:45 -0700
Processing by BlogsController#edit as HTML
  Parameters: {"id"=>"1"}
  [1m[36mBlog Load (0.1ms)[0m  [1m[34mSELECT  "blogs".* FROM "blogs" WHERE "blogs"."id" = ? LIMIT ?[0m  [["id", 1], ["LIMIT", 1]]
  ↳ app/controllers/blogs_controller.rb:67
  Rendering blogs/edit.html.erb within layouts/application
  Rendered blogs/_form.html.erb (2.0ms)
  Rendered blogs/edit.html.erb within layouts/application (2.9ms)
Completed 200 OK in 18ms (Views: 15.9ms | ActiveRecord: 0.1ms)


Started PATCH "/blogs/1" for ::1 at 2019-07-22 16:41:05 -0700
Processing by BlogsController#update as HTML
  Parameters: {"utf8"=>"✓", "authenticity_token"=>"Az9cLr2/ZR+A/ymTxyXT3IYB0/TO0Ead50Xe7FjFUROjDMZEJSKG9oI1lUoTSg9Wuy9EO/UQHUQVdOEUYOV+xw==", "blog"=>{"title"=>"do you like to eat pussy?", "body"=>"it's 2019 - get with it, and start to include eating ass. just practice sensible hygiene,"}, "commit"=>"Update Blog", "id"=>"1"}
  [1m[36mBlog Load (0.1ms)[0m  [1m[34mSELECT  "blogs".* FROM "blogs" WHERE "blogs"."id" = ? LIMIT ?[0m  [["id", 1], ["LIMIT", 1]]
  ↳ app/controllers/blogs_controller.rb:67
  [1m[35m (0.0ms)[0m  [1m[36mbegin transaction[0m
  ↳ app/controllers/blogs_controller.rb:44
  [1m[36mBlog Update (0.4ms)[0m  [1m[33mUPDATE "blogs" SET "body" = ?, "updated_at" = ? WHERE "blogs"."id" = ?[0m  [["body", "it's 2019 - get with it, and start to include eating ass. just practice sensible hygiene,"], ["updated_at", "2019-07-22 23:41:05.738451"], ["id", 1]]
  ↳ app/controllers/blogs_controller.rb:44
  [1m[35m (0.7ms)[0m  [1m[36mcommit transaction[0m
  ↳ app/controllers/blogs_controller.rb:44
Redirected to http://localhost:3000/blogs/1
Completed 302 Found in 4ms (ActiveRecord: 1.2ms)


Started GET "/blogs/1" for ::1 at 2019-07-22 16:41:05 -0700
Processing by BlogsController#show as HTML
  Parameters: {"id"=>"1"}
  [1m[36mBlog Load (0.1ms)[0m  [1m[34mSELECT  "blogs".* FROM "blogs" WHERE "blogs"."id" = ? LIMIT ?[0m  [["id", 1], ["LIMIT", 1]]
  ↳ app/controllers/blogs_controller.rb:67
  Rendering blogs/show.html.erb within layouts/application
  Rendered blogs/show.html.erb within layouts/application (0.5ms)
Completed 200 OK in 13ms (Views: 11.8ms | ActiveRecord: 0.1ms)


Started GET "/blogs" for ::1 at 2019-07-22 16:50:33 -0700
Processing by BlogsController#index as HTML
  Rendering blogs/index.html.erb within layouts/application
  [1m[36mBlog Load (0.3ms)[0m  [1m[34mSELECT "blogs".* FROM "blogs"[0m
  ↳ app/views/blogs/index.html.erb:15
  Rendered blogs/index.html.erb within layouts/application (1.8ms)
Completed 200 OK in 47ms (Views: 45.4ms | ActiveRecord: 0.3ms)


Started GET "/blogs" for ::1 at 2019-07-22 16:50:33 -0700
Processing by BlogsController#index as HTML
  Rendering blogs/index.html.erb within layouts/application
  [1m[36mBlog Load (0.1ms)[0m  [1m[34mSELECT "blogs".* FROM "blogs"[0m
  ↳ app/views/blogs/index.html.erb:15
  Rendered blogs/index.html.erb within layouts/application (1.3ms)
Completed 200 OK in 13ms (Views: 11.7ms | ActiveRecord: 0.1ms)


Started GET "/blogs/new" for ::1 at 2019-07-22 16:50:39 -0700
Processing by BlogsController#new as HTML
  Rendering blogs/new.html.erb within layouts/application
  Rendered blogs/_form.html.erb (1.9ms)
  Rendered blogs/new.html.erb within layouts/application (3.4ms)
Completed 200 OK in 17ms (Views: 15.6ms | ActiveRecord: 0.0ms)


Started POST "/blogs" for ::1 at 2019-07-22 16:50:55 -0700
Processing by BlogsController#create as HTML
  Parameters: {"utf8"=>"✓", "authenticity_token"=>"BTUpsOcz0Qz55qv99dC3gY7gSh9c7uRuUtCvngAOhmYFBOXwO7fb1gtWbobKQgKpuIjS95nW6z4807/iPQkOIA==", "blog"=>{"title"=>"have you begun eating ass?", "body"=>"don't come here if you haven't."}, "commit"=>"Create Blog"}
  [1m[35m (0.0ms)[0m  [1m[36mbegin transaction[0m
  ↳ app/controllers/blogs_controller.rb:30
  [1m[36mBlog Create (0.4ms)[0m  [1m[32mINSERT INTO "blogs" ("title", "body", "created_at", "updated_at") VALUES (?, ?, ?, ?)[0m  [["title", "have you begun eating ass?"], ["body", "don't come here if you haven't."], ["created_at", "2019-07-22 23:50:55.540463"], ["updated_at", "2019-07-22 23:50:55.540463"]]
  ↳ app/controllers/blogs_controller.rb:30
  [1m[35m (0.6ms)[0m  [1m[36mcommit transaction[0m
  ↳ app/controllers/blogs_controller.rb:30
Redirected to http://localhost:3000/blogs/2
Completed 302 Found in 3ms (ActiveRecord: 1.0ms)


Started GET "/blogs/2" for ::1 at 2019-07-22 16:50:55 -0700
Processing by BlogsController#show as HTML
  Parameters: {"id"=>"2"}
  [1m[36mBlog Load (0.2ms)[0m  [1m[34mSELECT  "blogs".* FROM "blogs" WHERE "blogs"."id" = ? LIMIT ?[0m  [["id", 2], ["LIMIT", 1]]
  ↳ app/controllers/blogs_controller.rb:67
  Rendering blogs/show.html.erb within layouts/application
  Rendered blogs/show.html.erb within layouts/application (0.5ms)
Completed 200 OK in 12ms (Views: 10.6ms | ActiveRecord: 0.2ms)


Started GET "/blogs" for ::1 at 2019-07-22 16:50:58 -0700
Processing by BlogsController#index as HTML
  Rendering blogs/index.html.erb within layouts/application
  [1m[36mBlog Load (0.1ms)[0m  [1m[34mSELECT "blogs".* FROM "blogs"[0m
  ↳ app/views/blogs/index.html.erb:15
  Rendered blogs/index.html.erb within layouts/application (1.6ms)
Completed 200 OK in 15ms (Views: 13.6ms | ActiveRecord: 0.1ms)


Started GET "/blogs" for ::1 at 2019-07-22 16:51:47 -0700
Processing by BlogsController#index as HTML
  Rendering blogs/index.html.erb within layouts/application
  [1m[36mBlog Load (0.4ms)[0m  [1m[34mSELECT  "blogs".* FROM "blogs" LIMIT ?[0m  [["LIMIT", 1]]
  ↳ app/views/blogs/index.html.erb:15
  Rendered blogs/index.html.erb within layouts/application (7.1ms)
Completed 200 OK in 25ms (Views: 21.7ms | ActiveRecord: 1.3ms)


Started GET "/blogs/1" for ::1 at 2019-07-22 16:52:14 -0700
Processing by BlogsController#show as HTML
  Parameters: {"id"=>"1"}
  [1m[36mBlog Load (0.2ms)[0m  [1m[34mSELECT  "blogs".* FROM "blogs" WHERE "blogs"."id" = ? LIMIT ?[0m  [["id", 1], ["LIMIT", 1]]
  ↳ app/controllers/blogs_controller.rb:67
  Rendering blogs/show.html.erb within layouts/application
  Rendered blogs/show.html.erb within layouts/application (0.6ms)
Completed 200 OK in 18ms (Views: 14.9ms | ActiveRecord: 0.2ms)


Started GET "/" for ::1 at 2019-07-22 23:03:52 -0700
Processing by Rails::WelcomeController#index as HTML
  Rendering /Users/oni/.rvm/gems/ruby-2.6.3/gems/railties-5.2.3/lib/rails/templates/rails/welcome/index.html.erb
  Rendered /Users/oni/.rvm/gems/ruby-2.6.3/gems/railties-5.2.3/lib/rails/templates/rails/welcome/index.html.erb (3.9ms)
Completed 200 OK in 13ms (Views: 6.9ms | ActiveRecord: 0.0ms)


Started GET "/" for ::1 at 2019-07-23 15:25:08 -0700
Processing by Rails::WelcomeController#index as HTML
  Rendering /Users/oni/.rvm/gems/ruby-2.6.3/gems/railties-5.2.3/lib/rails/templates/rails/welcome/index.html.erb
  Rendered /Users/oni/.rvm/gems/ruby-2.6.3/gems/railties-5.2.3/lib/rails/templates/rails/welcome/index.html.erb (10.0ms)
Completed 200 OK in 21ms (Views: 12.5ms | ActiveRecord: 0.0ms)


Started GET "/" for ::1 at 2019-07-23 15:36:35 -0700
  [1m[35m (0.8ms)[0m  [1m[34mSELECT "schema_migrations"."version" FROM "schema_migrations" ORDER BY "schema_migrations"."version" ASC[0m
  ↳ /Users/oni/.rvm/gems/ruby-2.6.3/gems/activerecord-5.2.3/lib/active_record/log_subscriber.rb:98
Processing by Rails::WelcomeController#index as HTML
  Rendering /Users/oni/.rvm/gems/ruby-2.6.3/gems/railties-5.2.3/lib/rails/templates/rails/welcome/index.html.erb
  Rendered /Users/oni/.rvm/gems/ruby-2.6.3/gems/railties-5.2.3/lib/rails/templates/rails/welcome/index.html.erb (2.2ms)
Completed 200 OK in 10ms (Views: 5.3ms | ActiveRecord: 0.0ms)


Started GET "/books" for ::1 at 2019-07-23 15:36:35 -0700
  
ActionController::RoutingError (No route matches [GET] "/books"):
  
actionpack (5.2.3) lib/action_dispatch/middleware/debug_exceptions.rb:65:in `call'
web-console (3.7.0) lib/web_console/middleware.rb:135:in `call_app'
web-console (3.7.0) lib/web_console/middleware.rb:30:in `block in call'
web-console (3.7.0) lib/web_console/middleware.rb:20:in `catch'
web-console (3.7.0) lib/web_console/middleware.rb:20:in `call'
actionpack (5.2.3) lib/action_dispatch/middleware/show_exceptions.rb:33:in `call'
railties (5.2.3) lib/rails/rack/logger.rb:38:in `call_app'
railties (5.2.3) lib/rails/rack/logger.rb:26:in `block in call'
activesupport (5.2.3) lib/active_support/tagged_logging.rb:71:in `block in tagged'
activesupport (5.2.3) lib/active_support/tagged_logging.rb:28:in `tagged'
activesupport (5.2.3) lib/active_support/tagged_logging.rb:71:in `tagged'
railties (5.2.3) lib/rails/rack/logger.rb:26:in `call'
sprockets-rails (3.2.1) lib/sprockets/rails/quiet_assets.rb:13:in `call'
actionpack (5.2.3) lib/action_dispatch/middleware/remote_ip.rb:81:in `call'
actionpack (5.2.3) lib/action_dispatch/middleware/request_id.rb:27:in `call'
rack (2.0.7) lib/rack/method_override.rb:22:in `call'
rack (2.0.7) lib/rack/runtime.rb:22:in `call'
activesupport (5.2.3) lib/active_support/cache/strategy/local_cache_middleware.rb:29:in `call'
actionpack (5.2.3) lib/action_dispatch/middleware/executor.rb:14:in `call'
actionpack (5.2.3) lib/action_dispatch/middleware/static.rb:127:in `call'
rack (2.0.7) lib/rack/sendfile.rb:111:in `call'
railties (5.2.3) lib/rails/engine.rb:524:in `call'
puma (3.12.1) lib/puma/configuration.rb:227:in `call'
puma (3.12.1) lib/puma/server.rb:660:in `handle_request'
puma (3.12.1) lib/puma/server.rb:474:in `process_client'
puma (3.12.1) lib/puma/server.rb:334:in `block in run'
puma (3.12.1) lib/puma/thread_pool.rb:135:in `block in spawn_thread'
Started GET "/blogs" for ::1 at 2019-07-23 15:36:35 -0700
Processing by BlogsController#index as HTML
  Rendering blogs/index.html.erb within layouts/application
  [1m[36mBlog Load (0.3ms)[0m  [1m[34mSELECT  "blogs".* FROM "blogs" LIMIT ?[0m  [["LIMIT", 1]]
  ↳ app/views/blogs/index.html.erb:15
  Rendered blogs/index.html.erb within layouts/application (6.2ms)
Completed 200 OK in 211ms (Views: 207.8ms | ActiveRecord: 0.6ms)


Started GET "/blogs" for ::1 at 2019-07-23 15:43:11 -0700
Processing by BlogsController#index as HTML
  Rendering blogs/index.html.erb within layouts/application
  [1m[36mBlog Load (0.4ms)[0m  [1m[34mSELECT "blogs".* FROM "blogs"[0m
  ↳ app/views/blogs/index.html.erb:15
  Rendered blogs/index.html.erb within layouts/application (6.4ms)
Completed 200 OK in 28ms (Views: 24.0ms | ActiveRecord: 0.9ms)


Started GET "/blogs/new" for ::1 at 2019-07-23 15:43:19 -0700
Processing by BlogsController#new as HTML
  Rendering blogs/new.html.erb within layouts/application
  Rendered blogs/_form.html.erb (7.7ms)
  Rendered blogs/new.html.erb within layouts/application (9.5ms)
Completed 200 OK in 23ms (Views: 21.1ms | ActiveRecord: 0.0ms)


Started POST "/blogs" for ::1 at 2019-07-23 15:44:16 -0700
Processing by BlogsController#create as HTML
  Parameters: {"utf8"=>"✓", "authenticity_token"=>"U9g5E57DT/+pfq1ZqGrhUQWUeArcXrb+0ydas+BFNVhT6fVTQkdFJVvOaCKX+FR5M/zg4hlmua69JErP3UK9Hg==", "blog"=>{"title"=>"Whatever", "body"=>"What the fuck is this?"}, "commit"=>"Create Blog"}
  [1m[35m (0.1ms)[0m  [1m[36mbegin transaction[0m
  ↳ app/controllers/blogs_controller.rb:30
  [1m[36mBlog Create (1.7ms)[0m  [1m[32mINSERT INTO "blogs" ("title", "body", "created_at", "updated_at") VALUES (?, ?, ?, ?)[0m  [["title", "Whatever"], ["body", "What the fuck is this?"], ["created_at", "2019-07-23 22:44:16.342157"], ["updated_at", "2019-07-23 22:44:16.342157"]]
  ↳ app/controllers/blogs_controller.rb:30
  [1m[35m (0.7ms)[0m  [1m[36mcommit transaction[0m
  ↳ app/controllers/blogs_controller.rb:30
Redirected to http://localhost:3000/blogs/3
Completed 302 Found in 5ms (ActiveRecord: 2.5ms)


Started GET "/blogs/3" for ::1 at 2019-07-23 15:44:16 -0700
Processing by BlogsController#show as HTML
  Parameters: {"id"=>"3"}
  [1m[36mBlog Load (0.2ms)[0m  [1m[34mSELECT  "blogs".* FROM "blogs" WHERE "blogs"."id" = ? LIMIT ?[0m  [["id", 3], ["LIMIT", 1]]
  ↳ app/controllers/blogs_controller.rb:67
  Rendering blogs/show.html.erb within layouts/application
  Rendered blogs/show.html.erb within layouts/application (0.6ms)
Completed 200 OK in 14ms (Views: 11.1ms | ActiveRecord: 0.2ms)


Started GET "/blogs" for ::1 at 2019-07-23 15:46:27 -0700
Processing by BlogsController#index as HTML
  Rendering blogs/index.html.erb within layouts/application
  [1m[36mBlog Load (0.2ms)[0m  [1m[34mSELECT "blogs".* FROM "blogs"[0m
  ↳ app/views/blogs/index.html.erb:15
  Rendered blogs/index.html.erb within layouts/application (5.9ms)
Completed 200 OK in 22ms (Views: 19.3ms | ActiveRecord: 0.6ms)


Started GET "/blogs/new" for ::1 at 2019-07-23 15:46:32 -0700
Processing by BlogsController#new as HTML
  Rendering blogs/new.html.erb within layouts/application
  Rendered blogs/_form.html.erb (1.9ms)
  Rendered blogs/new.html.erb within layouts/application (2.8ms)
Completed 200 OK in 16ms (Views: 15.0ms | ActiveRecord: 0.0ms)


Started POST "/blogs" for ::1 at 2019-07-23 15:46:41 -0700
Processing by BlogsController#create as HTML
  Parameters: {"utf8"=>"✓", "authenticity_token"=>"Nx2heRwjvOnbGRfaR4gKvMOnpEtcZVbDlhRiFLPErmQ3LG05wKe2Mymp0qF4Gr+U9c88o5ldWZP4F3JojsMmIg==", "blog"=>{"title"=>"Fuckface", "body"=>"You're a fuck face"}, "commit"=>"Create Blog"}
  [1m[35m (0.0ms)[0m  [1m[36mbegin transaction[0m
  ↳ app/controllers/blogs_controller.rb:30
  [1m[36mBlog Create (0.3ms)[0m  [1m[32mINSERT INTO "blogs" ("title", "body", "created_at", "updated_at") VALUES (?, ?, ?, ?)[0m  [["title", "Fuckface"], ["body", "You're a fuck face"], ["created_at", "2019-07-23 22:46:41.053290"], ["updated_at", "2019-07-23 22:46:41.053290"]]
  ↳ app/controllers/blogs_controller.rb:30
  [1m[35m (0.6ms)[0m  [1m[36mcommit transaction[0m
  ↳ app/controllers/blogs_controller.rb:30
Redirected to http://localhost:3000/blogs/4
Completed 302 Found in 3ms (ActiveRecord: 1.0ms)


Started GET "/blogs/4" for ::1 at 2019-07-23 15:46:41 -0700
Processing by BlogsController#show as HTML
  Parameters: {"id"=>"4"}
  [1m[36mBlog Load (0.1ms)[0m  [1m[34mSELECT  "blogs".* FROM "blogs" WHERE "blogs"."id" = ? LIMIT ?[0m  [["id", 4], ["LIMIT", 1]]
  ↳ app/controllers/blogs_controller.rb:67
  Rendering blogs/show.html.erb within layouts/application
  Rendered blogs/show.html.erb within layouts/application (0.6ms)
Completed 200 OK in 14ms (Views: 12.1ms | ActiveRecord: 0.1ms)


Started GET "/blogs" for ::1 at 2019-07-23 15:46:44 -0700
Processing by BlogsController#index as HTML
  Rendering blogs/index.html.erb within layouts/application
  [1m[36mBlog Load (0.2ms)[0m  [1m[34mSELECT "blogs".* FROM "blogs"[0m
  ↳ app/views/blogs/index.html.erb:15
  Rendered blogs/index.html.erb within layouts/application (2.4ms)
Completed 200 OK in 16ms (Views: 15.0ms | ActiveRecord: 0.2ms)


Started DELETE "/blogs/4" for ::1 at 2019-07-23 15:50:12 -0700
Processing by BlogsController#destroy as HTML
  Parameters: {"authenticity_token"=>"8tBI2UpWrXghOFq8HcVQaP6W7ZvZ+syO0UyJFBPtDwDXG2jIhfTQ2k4vQU3tW3dLBTNe2zVu3HQFIL9X50KZWg==", "id"=>"4"}
  [1m[36mBlog Load (0.1ms)[0m  [1m[34mSELECT  "blogs".* FROM "blogs" WHERE "blogs"."id" = ? LIMIT ?[0m  [["id", 4], ["LIMIT", 1]]
  ↳ app/controllers/blogs_controller.rb:67
  [1m[35m (0.0ms)[0m  [1m[36mbegin transaction[0m
  ↳ app/controllers/blogs_controller.rb:57
  [1m[36mBlog Destroy (1.0ms)[0m  [1m[31mDELETE FROM "blogs" WHERE "blogs"."id" = ?[0m  [["id", 4]]
  ↳ app/controllers/blogs_controller.rb:57
  [1m[35m (0.8ms)[0m  [1m[36mcommit transaction[0m
  ↳ app/controllers/blogs_controller.rb:57
Redirected to http://localhost:3000/blogs
Completed 302 Found in 4ms (ActiveRecord: 1.9ms)


Started GET "/blogs" for ::1 at 2019-07-23 15:50:12 -0700
Processing by BlogsController#index as HTML
  Rendering blogs/index.html.erb within layouts/application
  [1m[36mBlog Load (0.1ms)[0m  [1m[34mSELECT "blogs".* FROM "blogs"[0m
  ↳ app/views/blogs/index.html.erb:15
  Rendered blogs/index.html.erb within layouts/application (1.7ms)
Completed 200 OK in 17ms (Views: 16.1ms | ActiveRecord: 0.1ms)


Started GET "/blogs/3/edit" for ::1 at 2019-07-23 15:51:52 -0700
  
SyntaxError (/Users/oni/Documents/code/ruby/jordan/devcamp/app/controllers/blogs_controller.rb:45: syntax error, unexpected tIDENTIFIER, expecting '}'
...direct_to @blog, notice: 'Let's hope no one saw THAT version...
...                              ^
/Users/oni/Documents/code/ruby/jordan/devcamp/app/controllers/blogs_controller.rb:45: syntax error, unexpected tSTRING_BEG
... hope no one saw THAT version.' }
...                              ^
/Users/oni/Documents/code/ruby/jordan/devcamp/app/controllers/blogs_controller.rb:59: syntax error, unexpected tCONSTANT, expecting end
..._to blogs_url, notice: 'Nothing truly gets deleted from the ...
...                        ^~~~~~~
/Users/oni/Documents/code/ruby/jordan/devcamp/app/controllers/blogs_controller.rb:59: syntax error, unexpected tSTRING_BEG
...ets deleted from the Internet.' }
...                              ^
/Users/oni/Documents/code/ruby/jordan/devcamp/app/controllers/blogs_controller.rb:74: unterminated string meets end of file
/Users/oni/Documents/code/ruby/jordan/devcamp/app/controllers/blogs_controller.rb:74: syntax error, unexpected end-of-input, expecting end):
  
app/controllers/blogs_controller.rb:45: syntax error, unexpected tIDENTIFIER, expecting '}'
app/controllers/blogs_controller.rb:45: syntax error, unexpected tSTRING_BEG
app/controllers/blogs_controller.rb:59: syntax error, unexpected tCONSTANT, expecting end
app/controllers/blogs_controller.rb:59: syntax error, unexpected tSTRING_BEG
app/controllers/blogs_controller.rb:74: unterminated string meets end of file
app/controllers/blogs_controller.rb:74: syntax error, unexpected end-of-input, expecting end
Started GET "/blogs" for ::1 at 2019-07-23 15:51:56 -0700
  
SyntaxError (/Users/oni/Documents/code/ruby/jordan/devcamp/app/controllers/blogs_controller.rb:45: syntax error, unexpected tIDENTIFIER, expecting '}'
...direct_to @blog, notice: 'Let's hope no one saw THAT version...
...                              ^
/Users/oni/Documents/code/ruby/jordan/devcamp/app/controllers/blogs_controller.rb:45: syntax error, unexpected tSTRING_BEG
... hope no one saw THAT version.' }
...                              ^
/Users/oni/Documents/code/ruby/jordan/devcamp/app/controllers/blogs_controller.rb:59: syntax error, unexpected tCONSTANT, expecting end
..._to blogs_url, notice: 'Nothing truly gets deleted from the ...
...                        ^~~~~~~
/Users/oni/Documents/code/ruby/jordan/devcamp/app/controllers/blogs_controller.rb:59: syntax error, unexpected tSTRING_BEG
...ets deleted from the Internet.' }
...                              ^
/Users/oni/Documents/code/ruby/jordan/devcamp/app/controllers/blogs_controller.rb:74: unterminated string meets end of file
/Users/oni/Documents/code/ruby/jordan/devcamp/app/controllers/blogs_controller.rb:74: syntax error, unexpected end-of-input, expecting end):
  
app/controllers/blogs_controller.rb:45: syntax error, unexpected tIDENTIFIER, expecting '}'
app/controllers/blogs_controller.rb:45: syntax error, unexpected tSTRING_BEG
app/controllers/blogs_controller.rb:59: syntax error, unexpected tCONSTANT, expecting end
app/controllers/blogs_controller.rb:59: syntax error, unexpected tSTRING_BEG
app/controllers/blogs_controller.rb:74: unterminated string meets end of file
app/controllers/blogs_controller.rb:74: syntax error, unexpected end-of-input, expecting end
Started POST "/blogs" for ::1 at 2019-07-23 15:52:14 -0700
  
SyntaxError (/Users/oni/Documents/code/ruby/jordan/devcamp/app/controllers/blogs_controller.rb:45: syntax error, unexpected tIDENTIFIER, expecting '}'
...direct_to @blog, notice: 'Let's hope no one saw THAT version...
...                              ^
/Users/oni/Documents/code/ruby/jordan/devcamp/app/controllers/blogs_controller.rb:45: syntax error, unexpected tSTRING_BEG
... hope no one saw THAT version.' }
...                              ^
/Users/oni/Documents/code/ruby/jordan/devcamp/app/controllers/blogs_controller.rb:59: syntax error, unexpected tCONSTANT, expecting end
..._to blogs_url, notice: 'Nothing truly gets deleted from the ...
...                        ^~~~~~~
/Users/oni/Documents/code/ruby/jordan/devcamp/app/controllers/blogs_controller.rb:59: syntax error, unexpected tSTRING_BEG
...ets deleted from the Internet.' }
...                              ^
/Users/oni/Documents/code/ruby/jordan/devcamp/app/controllers/blogs_controller.rb:74: unterminated string meets end of file
/Users/oni/Documents/code/ruby/jordan/devcamp/app/controllers/blogs_controller.rb:74: syntax error, unexpected end-of-input, expecting end):
  
app/controllers/blogs_controller.rb:45: syntax error, unexpected tIDENTIFIER, expecting '}'
app/controllers/blogs_controller.rb:45: syntax error, unexpected tSTRING_BEG
app/controllers/blogs_controller.rb:59: syntax error, unexpected tCONSTANT, expecting end
app/controllers/blogs_controller.rb:59: syntax error, unexpected tSTRING_BEG
app/controllers/blogs_controller.rb:74: unterminated string meets end of file
app/controllers/blogs_controller.rb:74: syntax error, unexpected end-of-input, expecting end
Started POST "/blogs" for ::1 at 2019-07-23 15:52:36 -0700
  
SyntaxError (/Users/oni/Documents/code/ruby/jordan/devcamp/app/controllers/blogs_controller.rb:45: syntax error, unexpected tIDENTIFIER, expecting '}'
...direct_to @blog, notice: 'Let's hope no one saw THAT version...
...                              ^
/Users/oni/Documents/code/ruby/jordan/devcamp/app/controllers/blogs_controller.rb:45: syntax error, unexpected tSTRING_BEG
... hope no one saw THAT version.' }
...                              ^
/Users/oni/Documents/code/ruby/jordan/devcamp/app/controllers/blogs_controller.rb:59: syntax error, unexpected tCONSTANT, expecting end
..._to blogs_url, notice: 'Nothing truly gets deleted from the ...
...                        ^~~~~~~
/Users/oni/Documents/code/ruby/jordan/devcamp/app/controllers/blogs_controller.rb:59: syntax error, unexpected tSTRING_BEG
...ets deleted from the Internet.' }
...                              ^
/Users/oni/Documents/code/ruby/jordan/devcamp/app/controllers/blogs_controller.rb:74: unterminated string meets end of file
/Users/oni/Documents/code/ruby/jordan/devcamp/app/controllers/blogs_controller.rb:74: syntax error, unexpected end-of-input, expecting end):
  
app/controllers/blogs_controller.rb:45: syntax error, unexpected tIDENTIFIER, expecting '}'
app/controllers/blogs_controller.rb:45: syntax error, unexpected tSTRING_BEG
app/controllers/blogs_controller.rb:59: syntax error, unexpected tCONSTANT, expecting end
app/controllers/blogs_controller.rb:59: syntax error, unexpected tSTRING_BEG
app/controllers/blogs_controller.rb:74: unterminated string meets end of file
app/controllers/blogs_controller.rb:74: syntax error, unexpected end-of-input, expecting end
Started GET "/blogs/1/edit" for ::1 at 2019-07-23 16:19:42 -0700
  [1m[35m (0.1ms)[0m  [1m[34mSELECT "schema_migrations"."version" FROM "schema_migrations" ORDER BY "schema_migrations"."version" ASC[0m
  ↳ /Users/oni/.rvm/gems/ruby-2.6.3/gems/activerecord-5.2.3/lib/active_record/log_subscriber.rb:98
  
SyntaxError (/Users/oni/Documents/code/ruby/jordan/devcamp/app/controllers/blogs_controller.rb:45: syntax error, unexpected tIDENTIFIER, expecting '}'
...direct_to @blog, notice: 'Let's hope no one saw THAT version...
...                              ^
/Users/oni/Documents/code/ruby/jordan/devcamp/app/controllers/blogs_controller.rb:45: syntax error, unexpected tSTRING_BEG
... hope no one saw THAT version.' }
...                              ^
/Users/oni/Documents/code/ruby/jordan/devcamp/app/controllers/blogs_controller.rb:59: syntax error, unexpected tCONSTANT, expecting end
..._to blogs_url, notice: 'Nothing truly gets deleted from the ...
...                        ^~~~~~~
/Users/oni/Documents/code/ruby/jordan/devcamp/app/controllers/blogs_controller.rb:59: syntax error, unexpected tSTRING_BEG
...ets deleted from the Internet.' }
...                              ^
/Users/oni/Documents/code/ruby/jordan/devcamp/app/controllers/blogs_controller.rb:74: unterminated string meets end of file
/Users/oni/Documents/code/ruby/jordan/devcamp/app/controllers/blogs_controller.rb:74: syntax error, unexpected end-of-input, expecting end):
  
app/controllers/blogs_controller.rb:45: syntax error, unexpected tIDENTIFIER, expecting '}'
app/controllers/blogs_controller.rb:45: syntax error, unexpected tSTRING_BEG
app/controllers/blogs_controller.rb:59: syntax error, unexpected tCONSTANT, expecting end
app/controllers/blogs_controller.rb:59: syntax error, unexpected tSTRING_BEG
app/controllers/blogs_controller.rb:74: unterminated string meets end of file
app/controllers/blogs_controller.rb:74: syntax error, unexpected end-of-input, expecting end
Started GET "/blogs" for ::1 at 2019-07-23 16:19:58 -0700
  
SyntaxError (/Users/oni/Documents/code/ruby/jordan/devcamp/app/controllers/blogs_controller.rb:45: syntax error, unexpected tIDENTIFIER, expecting '}'
...direct_to @blog, notice: 'Let's hope no one saw THAT version...
...                              ^
/Users/oni/Documents/code/ruby/jordan/devcamp/app/controllers/blogs_controller.rb:45: syntax error, unexpected tSTRING_BEG
... hope no one saw THAT version.' }
...                              ^
/Users/oni/Documents/code/ruby/jordan/devcamp/app/controllers/blogs_controller.rb:59: syntax error, unexpected tCONSTANT, expecting end
..._to blogs_url, notice: 'Nothing truly gets deleted from the ...
...                        ^~~~~~~
/Users/oni/Documents/code/ruby/jordan/devcamp/app/controllers/blogs_controller.rb:59: syntax error, unexpected tSTRING_BEG
...ets deleted from the Internet.' }
...                              ^
/Users/oni/Documents/code/ruby/jordan/devcamp/app/controllers/blogs_controller.rb:74: unterminated string meets end of file
/Users/oni/Documents/code/ruby/jordan/devcamp/app/controllers/blogs_controller.rb:74: syntax error, unexpected end-of-input, expecting end):
  
app/controllers/blogs_controller.rb:45: syntax error, unexpected tIDENTIFIER, expecting '}'
app/controllers/blogs_controller.rb:45: syntax error, unexpected tSTRING_BEG
app/controllers/blogs_controller.rb:59: syntax error, unexpected tCONSTANT, expecting end
app/controllers/blogs_controller.rb:59: syntax error, unexpected tSTRING_BEG
app/controllers/blogs_controller.rb:74: unterminated string meets end of file
app/controllers/blogs_controller.rb:74: syntax error, unexpected end-of-input, expecting end
Started GET "/" for ::1 at 2019-07-23 16:20:08 -0700
Processing by Rails::WelcomeController#index as HTML
  Rendering /Users/oni/.rvm/gems/ruby-2.6.3/gems/railties-5.2.3/lib/rails/templates/rails/welcome/index.html.erb
  Rendered /Users/oni/.rvm/gems/ruby-2.6.3/gems/railties-5.2.3/lib/rails/templates/rails/welcome/index.html.erb (1.8ms)
Completed 200 OK in 4ms (Views: 2.7ms | ActiveRecord: 0.0ms)


